17:30:26 **** Rebuild of configuration Debug for project binarytree ****
Info: Internal Builder is used for build
g++ -O0 -g3 -Wall -c -fmessage-length=0 -o bstmain.o "..\\bstmain.cpp" 
g++ -O0 -g3 -Wall -c -fmessage-length=0 -o Abbr.o "..\\Abbr.cpp" 
..\Abbr.cpp: In member function 'void Abbr::translateSentence()':
..\Abbr.cpp:255:12: warning: comparison between signed and unsigned integer expressions [-Wsign-compare]
    if (len > end) {
        ~~~~^~~~~
g++ -O0 -g3 -Wall -c -fmessage-length=0 -o Phrase.o "..\\Phrase.cpp" 
g++ -O0 -g3 -Wall -c -fmessage-length=0 -o BST.o "..\\BST.cpp" 
..\BST.cpp: In member function 'bool BST::insert(std::__cxx11::string, std::__cxx11::string)':
..\BST.cpp:22:9: error: expected unqualified-id before '=' token
   TNode = new TNode(s,l);
         ^
..\BST.cpp:23:12: error: 'tmp' was not declared in this scope
  setHeight(tmp);
            ^~~
..\BST.cpp:24:1: warning: no return statement in function returning non-void [-Wreturn-type]
 }
 ^
..\BST.cpp: In member function 'TNode* BST::find(std::__cxx11::string)':
..\BST.cpp:28:1: warning: no return statement in function returning non-void [-Wreturn-type]
 }
 ^
..\BST.cpp: In member function 'TNode* BST::removeNoKids(TNode*)':
..\BST.cpp:110:1: warning: no return statement in function returning non-void [-Wreturn-type]
 }
 ^
..\BST.cpp: In member function 'TNode* BST::removeOneKid(TNode*, bool)':
..\BST.cpp:113:1: warning: no return statement in function returning non-void [-Wreturn-type]
 }
 ^
..\BST.cpp: In member function 'TNode* BST::remove(std::__cxx11::string)':
..\BST.cpp:116:1: warning: no return statement in function returning non-void [-Wreturn-type]
 }
 ^
17:51:11 **** Incremental Build of configuration Debug for project binarytree ****
Info: Internal Builder is used for build
g++ -O0 -g3 -Wall -c -fmessage-length=0 -o MainPhrase.o "..\\MainPhrase.cpp" 
g++ -O0 -g3 -Wall -c -fmessage-length=0 -o TNode.o "..\\TNode.cpp" 
g++ -O0 -g3 -Wall -c -fmessage-length=0 -o BST.o "..\\BST.cpp" 
..\BST.cpp: In member function 'bool BST::insert(std::__cxx11::string, std::__cxx11::string)':
..\BST.cpp:22:9: error: expected unqualified-id before '=' token
   TNode = new TNode(s,l);
         ^
..\BST.cpp:23:12: error: 'tmp' was not declared in this scope
  setHeight(tmp);
            ^~~
..\BST.cpp:24:1: warning: no return statement in function returning non-void [-Wreturn-type]
 }
 ^
..\BST.cpp: In member function 'TNode* BST::find(std::__cxx11::string)':
..\BST.cpp:28:1: warning: no return statement in function returning non-void [-Wreturn-type]
 }
 ^
..\BST.cpp: In member function 'TNode* BST::removeNoKids(TNode*)':
..\BST.cpp:110:1: warning: no return statement in function returning non-void [-Wreturn-type]
 }
 ^
..\BST.cpp: In member function 'TNode* BST::removeOneKid(TNode*, bool)':
..\BST.cpp:113:1: warning: no return statement in function returning non-void [-Wreturn-type]
 }
 ^
..\BST.cpp: In member function 'TNode* BST::remove(std::__cxx11::string)':
..\BST.cpp:116:1: warning: no return statement in function returning non-void [-Wreturn-type]
 }
 ^
09:50:54 **** Incremental Build of configuration Debug for project binarytree ****
Info: Internal Builder is used for build
g++ -O0 -g3 -Wall -c -fmessage-length=0 -o BST.o "..\\BST.cpp" 
..\BST.cpp: In member function 'bool BST::insert(std::__cxx11::string, std::__cxx11::string)':
..\BST.cpp:22:9: error: expected unqualified-id before '=' token
   TNode = new TNode(s,l);
         ^
..\BST.cpp:23:12: error: 'tmp' was not declared in this scope
  setHeight(tmp);
            ^~~
..\BST.cpp:24:1: warning: no return statement in function returning non-void [-Wreturn-type]
 }
 ^
..\BST.cpp: In member function 'TNode* BST::find(std::__cxx11::string)':
..\BST.cpp:28:1: warning: no return statement in function returning non-void [-Wreturn-type]
 }
 ^
..\BST.cpp: In member function 'TNode* BST::removeNoKids(TNode*)':
..\BST.cpp:110:1: warning: no return statement in function returning non-void [-Wreturn-type]
 }
 ^
..\BST.cpp: In member function 'TNode* BST::removeOneKid(TNode*, bool)':
..\BST.cpp:113:1: warning: no return statement in function returning non-void [-Wreturn-type]
 }
 ^
..\BST.cpp: In member function 'TNode* BST::remove(std::__cxx11::string)':
..\BST.cpp:116:1: warning: no return statement in function returning non-void [-Wreturn-type]
 }
 ^
09:52:41 **** Incremental Build of configuration Debug for project binarytree ****
Info: Internal Builder is used for build
g++ -O0 -g3 -Wall -c -fmessage-length=0 -o bstmain.o "..\\bstmain.cpp" 
g++ -O0 -g3 -Wall -c -fmessage-length=0 -o MainPhrase.o "..\\MainPhrase.cpp" 
g++ -O0 -g3 -Wall -c -fmessage-length=0 -o Abbr.o "..\\Abbr.cpp" 
..\Abbr.cpp: In member function 'void Abbr::translateSentence()':
..\Abbr.cpp:259:12: warning: comparison between signed and unsigned integer expressions [-Wsign-compare]
    if (len > end) {
        ~~~~^~~~~
g++ -O0 -g3 -Wall -c -fmessage-length=0 -o BST.o "..\\BST.cpp" 
..\BST.cpp: In member function 'TNode* BST::removeNoKids(TNode*)':
..\BST.cpp:145:22: error: 's' was not declared in this scope
   if(tmp->data->abbr<s){
                      ^
..\BST.cpp: In member function 'TNode* BST::removeOneKid(TNode*, bool)':
..\BST.cpp:156:1: warning: no return statement in function returning non-void [-Wreturn-type]
 }
 ^
..\BST.cpp: In member function 'TNode* BST::remove(std::__cxx11::string)':
..\BST.cpp:159:1: warning: no return statement in function returning non-void [-Wreturn-type]
 }
 ^
..\BST.cpp: In member function 'TNode* BST::removeNoKids(TNode*)':
..\BST.cpp:153:1: warning: control reaches end of non-void function [-Wreturn-type]
 }
 ^
09:58:45 **** Incremental Build of configuration Debug for project binarytree ****
Info: Internal Builder is used for build
g++ -O0 -g3 -Wall -c -fmessage-length=0 -o BST.o "..\\BST.cpp" 
..\BST.cpp: In member function 'TNode* BST::removeNoKids(TNode*)':
..\BST.cpp:145:22: error: 's' was not declared in this scope
   if(tmp->data->abbr<s){
                      ^
..\BST.cpp: In member function 'TNode* BST::removeOneKid(TNode*, bool)':
..\BST.cpp:156:1: warning: no return statement in function returning non-void [-Wreturn-type]
 }
 ^
..\BST.cpp: In member function 'TNode* BST::remove(std::__cxx11::string)':
..\BST.cpp:159:1: warning: no return statement in function returning non-void [-Wreturn-type]
 }
 ^
..\BST.cpp: In member function 'TNode* BST::removeNoKids(TNode*)':
..\BST.cpp:153:1: warning: control reaches end of non-void function [-Wreturn-type]
 }
 ^
10:01:05 **** Incremental Build of configuration Debug for project binarytree ****
Info: Internal Builder is used for build
g++ -O0 -g3 -Wall -c -fmessage-length=0 -o TNode.o "..\\TNode.cpp" 
g++ -O0 -g3 -Wall -c -fmessage-length=0 -o BST.o "..\\BST.cpp" 
g++ -o binarytree.exe Abbr.o BST.o MainPhrase.o Phrase.o TNode.o bstmain.o 
10:01:29 **** Incremental Build of configuration Debug for project binarytree ****
Info: Internal Builder is used for build
g++ -O0 -g3 -Wall -c -fmessage-length=0 -o BST.o "..\\BST.cpp" 
g++ -o binarytree.exe Abbr.o BST.o MainPhrase.o Phrase.o TNode.o bstmain.o 
10:04:33 **** Incremental Build of configuration Debug for project binarytree ****
Info: Internal Builder is used for build
g++ -O0 -g3 -Wall -c -fmessage-length=0 -o Abbr.o "..\\Abbr.cpp" 
..\Abbr.cpp: In member function 'void Abbr::translateSentence()':
..\Abbr.cpp:255:12: warning: comparison between signed and unsigned integer expressions [-Wsign-compare]
    if (len > end) {
        ~~~~^~~~~
g++ -o binarytree.exe Abbr.o BST.o MainPhrase.o Phrase.o TNode.o bstmain.o 
10:13:49 **** Incremental Build of configuration Debug for project binarytree ****
Info: Internal Builder is used for build
g++ -O0 -g3 -Wall -c -fmessage-length=0 -o Abbr.o "..\\Abbr.cpp" 
..\Abbr.cpp: In member function 'void Abbr::translateSentence()':
..\Abbr.cpp:255:12: warning: comparison between signed and unsigned integer expressions [-Wsign-compare]
    if (len > end) {
        ~~~~^~~~~
g++ -O0 -g3 -Wall -c -fmessage-length=0 -o MainPhrase.o "..\\MainPhrase.cpp" 
g++ -o binarytree.exe Abbr.o BST.o MainPhrase.o Phrase.o TNode.o bstmain.o 
Info: Nothing to build for binarytree
Info: Nothing to build for binarytree
Info: Nothing to build for binarytree
19:40:06 **** Incremental Build of configuration Debug for project binarytree ****
Info: Internal Builder is used for build
g++ -O0 -g3 -Wall -c -fmessage-length=0 -o MainPhrase.o "..\\MainPhrase.cpp" 
..\MainPhrase.cpp: In function 'int main()':
..\MainPhrase.cpp:107:2: error: expected primary-expression before '/' token
 //
  ^
..\MainPhrase.cpp:27:8: warning: unused variable 'abbr' [-Wunused-variable]
  Abbr *abbr = new Abbr("Testleft.txt",2);
        ^~~~
19:47:54 **** Incremental Build of configuration Debug for project binarytree ****
Info: Internal Builder is used for build
g++ -O0 -g3 -Wall -c -fmessage-length=0 -o MainPhrase.o "..\\MainPhrase.cpp" 
..\MainPhrase.cpp: In function 'int main()':
..\MainPhrase.cpp:107:2: error: expected primary-expression before '/' token
 //
  ^
..\MainPhrase.cpp:27:8: warning: unused variable 'abbr' [-Wunused-variable]
  Abbr *abbr = new Abbr("Testleft.txt",2);
        ^~~~
19:48:22 **** Incremental Build of configuration Debug for project binarytree ****
Info: Internal Builder is used for build
g++ -O0 -g3 -Wall -c -fmessage-length=0 -o BST.o "..\\BST.cpp" 
g++ -O0 -g3 -Wall -c -fmessage-length=0 -o MainPhrase.o "..\\MainPhrase.cpp" 
..\MainPhrase.cpp: In function 'int main()':
..\MainPhrase.cpp:27:8: warning: unused variable 'abbr' [-Wunused-variable]
  Abbr *abbr = new Abbr("Testleft.txt",2);
        ^~~~
g++ -o binarytree.exe Abbr.o BST.o MainPhrase.o Phrase.o TNode.o bstmain.o 
19:51:39 **** Incremental Build of configuration Debug for project binarytree ****
Info: Internal Builder is used for build
g++ -O0 -g3 -Wall -c -fmessage-length=0 -o Abbr.o "..\\Abbr.cpp" 
..\Abbr.cpp: In member function 'void Abbr::translateSentence()':
..\Abbr.cpp:256:12: warning: comparison between signed and unsigned integer expressions [-Wsign-compare]
    if (len > end) {
        ~~~~^~~~~
g++ -o binarytree.exe Abbr.o BST.o MainPhrase.o Phrase.o TNode.o bstmain.o 
19:52:35 **** Incremental Build of configuration Debug for project binarytree ****
Info: Internal Builder is used for build
g++ -O0 -g3 -Wall -c -fmessage-length=0 -o Abbr.o "..\\Abbr.cpp" 
..\Abbr.cpp: In member function 'void Abbr::translateSentence()':
..\Abbr.cpp:256:12: warning: comparison between signed and unsigned integer expressions [-Wsign-compare]
    if (len > end) {
        ~~~~^~~~~
g++ -o binarytree.exe Abbr.o BST.o MainPhrase.o Phrase.o TNode.o bstmain.o 
19:53:02 **** Incremental Build of configuration Debug for project binarytree ****
Info: Internal Builder is used for build
g++ -O0 -g3 -Wall -c -fmessage-length=0 -o Abbr.o "..\\Abbr.cpp" 
..\Abbr.cpp: In member function 'void Abbr::translateSentence()':
..\Abbr.cpp:256:12: warning: comparison between signed and unsigned integer expressions [-Wsign-compare]
    if (len > end) {
        ~~~~^~~~~
g++ -o binarytree.exe Abbr.o BST.o MainPhrase.o Phrase.o TNode.o bstmain.o 
19:54:43 **** Incremental Build of configuration Debug for project binarytree ****
Info: Internal Builder is used for build
g++ -O0 -g3 -Wall -c -fmessage-length=0 -o Abbr.o "..\\Abbr.cpp" 
..\Abbr.cpp: In member function 'void Abbr::translateSentence()':
..\Abbr.cpp:256:12: warning: comparison between signed and unsigned integer expressions [-Wsign-compare]
    if (len > end) {
        ~~~~^~~~~
g++ -o binarytree.exe Abbr.o BST.o MainPhrase.o Phrase.o TNode.o bstmain.o 
19:56:39 **** Incremental Build of configuration Debug for project binarytree ****
Info: Internal Builder is used for build
g++ -O0 -g3 -Wall -c -fmessage-length=0 -o Abbr.o "..\\Abbr.cpp" 
..\Abbr.cpp: In member function 'void Abbr::translateSentence()':
..\Abbr.cpp:256:12: warning: comparison between signed and unsigned integer expressions [-Wsign-compare]
    if (len > end) {
        ~~~~^~~~~
g++ -O0 -g3 -Wall -c -fmessage-length=0 -o BST.o "..\\BST.cpp" 
g++ -o binarytree.exe Abbr.o BST.o MainPhrase.o Phrase.o TNode.o bstmain.o 
Info: Nothing to build for binarytree
Info: Nothing to build for binarytree
19:57:56 **** Incremental Build of configuration Debug for project binarytree ****
Info: Internal Builder is used for build
g++ -O0 -g3 -Wall -c -fmessage-length=0 -o BST.o "..\\BST.cpp" 
g++ -o binarytree.exe Abbr.o BST.o MainPhrase.o Phrase.o TNode.o bstmain.o 
19:59:35 **** Incremental Build of configuration Debug for project binarytree ****
Info: Internal Builder is used for build
g++ -O0 -g3 -Wall -c -fmessage-length=0 -o BST.o "..\\BST.cpp" 
g++ -o binarytree.exe Abbr.o BST.o MainPhrase.o Phrase.o TNode.o bstmain.o 
20:02:51 **** Incremental Build of configuration Debug for project binarytree ****
Info: Internal Builder is used for build
g++ -O0 -g3 -Wall -c -fmessage-length=0 -o BST.o "..\\BST.cpp" 
g++ -o binarytree.exe Abbr.o BST.o MainPhrase.o Phrase.o TNode.o bstmain.o 
20:03:17 **** Incremental Build of configuration Debug for project binarytree ****
Info: Internal Builder is used for build
g++ -O0 -g3 -Wall -c -fmessage-length=0 -o BST.o "..\\BST.cpp" 
g++ -o binarytree.exe Abbr.o BST.o MainPhrase.o Phrase.o TNode.o bstmain.o 
20:03:33 **** Incremental Build of configuration Debug for project binarytree ****
Info: Internal Builder is used for build
g++ -O0 -g3 -Wall -c -fmessage-length=0 -o BST.o "..\\BST.cpp" 
g++ -o binarytree.exe Abbr.o BST.o MainPhrase.o Phrase.o TNode.o bstmain.o 
20:10:18 **** Incremental Build of configuration Debug for project binarytree ****
Info: Internal Builder is used for build
g++ -O0 -g3 -Wall -c -fmessage-length=0 -o BST.o "..\\BST.cpp" 
g++ -o binarytree.exe Abbr.o BST.o MainPhrase.o Phrase.o TNode.o bstmain.o 
20:12:59 **** Incremental Build of configuration Debug for project binarytree ****
Info: Internal Builder is used for build
g++ -O0 -g3 -Wall -c -fmessage-length=0 -o MainPhrase.o "..\\MainPhrase.cpp" 
..\MainPhrase.cpp: In function 'int main()':
..\MainPhrase.cpp:27:8: warning: unused variable 'abbr' [-Wunused-variable]
  Abbr *abbr = new Abbr("Testleft.txt",2);
        ^~~~
g++ -o binarytree.exe Abbr.o BST.o MainPhrase.o Phrase.o TNode.o bstmain.o 
20:14:55 **** Incremental Build of configuration Debug for project binarytree ****
Info: Internal Builder is used for build
g++ -O0 -g3 -Wall -c -fmessage-length=0 -o BST.o "..\\BST.cpp" 
g++ -o binarytree.exe Abbr.o BST.o MainPhrase.o Phrase.o TNode.o bstmain.o 
Info: Nothing to build for binarytree
Info: Nothing to build for binarytree
Info: Nothing to build for binarytree
20:17:21 **** Incremental Build of configuration Debug for project binarytree ****
Info: Internal Builder is used for build
g++ -O0 -g3 -Wall -c -fmessage-length=0 -o BST.o "..\\BST.cpp" 
g++ -o binarytree.exe Abbr.o BST.o MainPhrase.o Phrase.o TNode.o bstmain.o 
20:18:01 **** Incremental Build of configuration Debug for project binarytree ****
Info: Internal Builder is used for build
g++ -O0 -g3 -Wall -c -fmessage-length=0 -o BST.o "..\\BST.cpp" 
g++ -o binarytree.exe Abbr.o BST.o MainPhrase.o Phrase.o TNode.o bstmain.o 
20:25:16 **** Incremental Build of configuration Debug for project binarytree ****
Info: Internal Builder is used for build
g++ -O0 -g3 -Wall -c -fmessage-length=0 -o BST.o "..\\BST.cpp" 
g++ -o binarytree.exe Abbr.o BST.o MainPhrase.o Phrase.o TNode.o bstmain.o 
20:52:46 **** Incremental Build of configuration Debug for project binarytree ****
Info: Internal Builder is used for build
g++ -O0 -g3 -Wall -c -fmessage-length=0 -o BST.o "..\\BST.cpp" 
g++ -o binarytree.exe Abbr.o BST.o MainPhrase.o Phrase.o TNode.o bstmain.o 
20:54:42 **** Incremental Build of configuration Debug for project binarytree ****
Info: Internal Builder is used for build
g++ -O0 -g3 -Wall -c -fmessage-length=0 -o BST.o "..\\BST.cpp" 
g++ -o binarytree.exe Abbr.o BST.o MainPhrase.o Phrase.o TNode.o bstmain.o 
20:57:45 **** Incremental Build of configuration Debug for project binarytree ****
Info: Internal Builder is used for build
g++ -O0 -g3 -Wall -c -fmessage-length=0 -o BST.o "..\\BST.cpp" 
g++ -o binarytree.exe Abbr.o BST.o MainPhrase.o Phrase.o TNode.o bstmain.o 
Info: Nothing to build for binarytree
Info: Nothing to build for binarytree
Info: Nothing to build for binarytree
Info: Nothing to build for binarytree
Info: Nothing to build for binarytree
20:58:21 **** Incremental Build of configuration Debug for project binarytree ****
Info: Internal Builder is used for build
g++ -O0 -g3 -Wall -c -fmessage-length=0 -o BST.o "..\\BST.cpp" 
g++ -o binarytree.exe Abbr.o BST.o MainPhrase.o Phrase.o TNode.o bstmain.o 
21:03:59 **** Incremental Build of configuration Debug for project binarytree ****
Info: Internal Builder is used for build
g++ -O0 -g3 -Wall -c -fmessage-length=0 -o BST.o "..\\BST.cpp" 
g++ -o binarytree.exe Abbr.o BST.o MainPhrase.o Phrase.o TNode.o bstmain.o 
21:06:27 **** Incremental Build of configuration Debug for project binarytree ****
Info: Internal Builder is used for build
g++ -O0 -g3 -Wall -c -fmessage-length=0 -o BST.o "..\\BST.cpp" 
g++ -o binarytree.exe Abbr.o BST.o MainPhrase.o Phrase.o TNode.o bstmain.o 
21:12:01 **** Incremental Build of configuration Debug for project binarytree ****
Info: Internal Builder is used for build
g++ -O0 -g3 -Wall -c -fmessage-length=0 -o BST.o "..\\BST.cpp" 
g++ -o binarytree.exe Abbr.o BST.o MainPhrase.o Phrase.o TNode.o bstmain.o 
21:12:13 **** Incremental Build of configuration Debug for project binarytree ****
Info: Internal Builder is used for build
g++ -O0 -g3 -Wall -c -fmessage-length=0 -o BST.o "..\\BST.cpp" 
g++ -o binarytree.exe Abbr.o BST.o MainPhrase.o Phrase.o TNode.o bstmain.o 
21:12:50 **** Incremental Build of configuration Debug for project binarytree ****
Info: Internal Builder is used for build
g++ -O0 -g3 -Wall -c -fmessage-length=0 -o BST.o "..\\BST.cpp" 
g++ -o binarytree.exe Abbr.o BST.o MainPhrase.o Phrase.o TNode.o bstmain.o 
21:22:27 **** Incremental Build of configuration Debug for project binarytree ****
Info: Internal Builder is used for build
g++ -O0 -g3 -Wall -c -fmessage-length=0 -o BST.o "..\\BST.cpp" 
g++ -o binarytree.exe Abbr.o BST.o MainPhrase.o Phrase.o TNode.o bstmain.o 
21:30:01 **** Incremental Build of configuration Debug for project binarytree ****
Info: Internal Builder is used for build
g++ -O0 -g3 -Wall -c -fmessage-length=0 -o BST.o "..\\BST.cpp" 
g++ -o binarytree.exe Abbr.o BST.o MainPhrase.o Phrase.o TNode.o bstmain.o 
21:32:10 **** Incremental Build of configuration Debug for project binarytree ****
Info: Internal Builder is used for build
g++ -O0 -g3 -Wall -c -fmessage-length=0 -o BST.o "..\\BST.cpp" 
g++ -o binarytree.exe Abbr.o BST.o MainPhrase.o Phrase.o TNode.o bstmain.o 
21:32:55 **** Incremental Build of configuration Debug for project binarytree ****
Info: Internal Builder is used for build
g++ -O0 -g3 -Wall -c -fmessage-length=0 -o BST.o "..\\BST.cpp" 
g++ -o binarytree.exe Abbr.o BST.o MainPhrase.o Phrase.o TNode.o bstmain.o 
21:36:49 **** Incremental Build of configuration Debug for project binarytree ****
Info: Internal Builder is used for build
g++ -O0 -g3 -Wall -c -fmessage-length=0 -o Abbr.o "..\\Abbr.cpp" 
..\Abbr.cpp: In member function 'void Abbr::translateSentence()':
..\Abbr.cpp:256:12: warning: comparison between signed and unsigned integer expressions [-Wsign-compare]
    if (len > end) {
        ~~~~^~~~~
g++ -o binarytree.exe Abbr.o BST.o MainPhrase.o Phrase.o TNode.o bstmain.o 
21:39:25 **** Incremental Build of configuration Debug for project binarytree ****
Info: Internal Builder is used for build
g++ -O0 -g3 -Wall -c -fmessage-length=0 -o BST.o "..\\BST.cpp" 
g++ -o binarytree.exe Abbr.o BST.o MainPhrase.o Phrase.o TNode.o bstmain.o 
21:40:13 **** Incremental Build of configuration Debug for project binarytree ****
Info: Internal Builder is used for build
g++ -O0 -g3 -Wall -c -fmessage-length=0 -o BST.o "..\\BST.cpp" 
g++ -o binarytree.exe Abbr.o BST.o MainPhrase.o Phrase.o TNode.o bstmain.o 
21:42:52 **** Incremental Build of configuration Debug for project binarytree ****
Info: Internal Builder is used for build
g++ -O0 -g3 -Wall -c -fmessage-length=0 -o BST.o "..\\BST.cpp" 
g++ -o binarytree.exe Abbr.o BST.o MainPhrase.o Phrase.o TNode.o bstmain.o 
21:43:32 **** Incremental Build of configuration Debug for project binarytree ****
Info: Internal Builder is used for build
g++ -O0 -g3 -Wall -c -fmessage-length=0 -o BST.o "..\\BST.cpp" 
g++ -o binarytree.exe Abbr.o BST.o MainPhrase.o Phrase.o TNode.o bstmain.o 
21:44:23 **** Incremental Build of configuration Debug for project binarytree ****
Info: Internal Builder is used for build
g++ -O0 -g3 -Wall -c -fmessage-length=0 -o BST.o "..\\BST.cpp" 
g++ -o binarytree.exe Abbr.o BST.o MainPhrase.o Phrase.o TNode.o bstmain.o 
21:44:36 **** Incremental Build of configuration Debug for project binarytree ****
Info: Internal Builder is used for build
g++ -O0 -g3 -Wall -c -fmessage-length=0 -o BST.o "..\\BST.cpp" 
g++ -o binarytree.exe Abbr.o BST.o MainPhrase.o Phrase.o TNode.o bstmain.o 
21:48:44 **** Incremental Build of configuration Debug for project binarytree ****
Info: Internal Builder is used for build
g++ -O0 -g3 -Wall -c -fmessage-length=0 -o BST.o "..\\BST.cpp" 
g++ -o binarytree.exe Abbr.o BST.o MainPhrase.o Phrase.o TNode.o bstmain.o 
21:49:17 **** Incremental Build of configuration Debug for project binarytree ****
Info: Internal Builder is used for build
g++ -O0 -g3 -Wall -c -fmessage-length=0 -o BST.o "..\\BST.cpp" 
g++ -o binarytree.exe Abbr.o BST.o MainPhrase.o Phrase.o TNode.o bstmain.o 
21:50:46 **** Incremental Build of configuration Debug for project binarytree ****
Info: Internal Builder is used for build
g++ -O0 -g3 -Wall -c -fmessage-length=0 -o BST.o "..\\BST.cpp" 
g++ -o binarytree.exe Abbr.o BST.o MainPhrase.o Phrase.o TNode.o bstmain.o 
21:51:56 **** Incremental Build of configuration Debug for project binarytree ****
Info: Internal Builder is used for build
g++ -O0 -g3 -Wall -c -fmessage-length=0 -o BST.o "..\\BST.cpp" 
..\BST.cpp:131:1: error: expected declaration before '}' token
 }
 ^
21:52:20 **** Incremental Build of configuration Debug for project binarytree ****
Info: Internal Builder is used for build
g++ -O0 -g3 -Wall -c -fmessage-length=0 -o BST.o "..\\BST.cpp" 
g++ -o binarytree.exe Abbr.o BST.o MainPhrase.o Phrase.o TNode.o bstmain.o 
21:53:47 **** Incremental Build of configuration Debug for project binarytree ****
Info: Internal Builder is used for build
g++ -O0 -g3 -Wall -c -fmessage-length=0 -o BST.o "..\\BST.cpp" 
g++ -o binarytree.exe Abbr.o BST.o MainPhrase.o Phrase.o TNode.o bstmain.o 
21:54:22 **** Incremental Build of configuration Debug for project binarytree ****
Info: Internal Builder is used for build
g++ -O0 -g3 -Wall -c -fmessage-length=0 -o BST.o "..\\BST.cpp" 
g++ -o binarytree.exe Abbr.o BST.o MainPhrase.o Phrase.o TNode.o bstmain.o 
21:56:30 **** Incremental Build of configuration Debug for project binarytree ****
Info: Internal Builder is used for build
g++ -O0 -g3 -Wall -c -fmessage-length=0 -o BST.o "..\\BST.cpp" 
g++ -o binarytree.exe Abbr.o BST.o MainPhrase.o Phrase.o TNode.o bstmain.o 
22:05:18 **** Incremental Build of configuration Debug for project binarytree ****
Info: Internal Builder is used for build
g++ -O0 -g3 -Wall -c -fmessage-length=0 -o BST.o "..\\BST.cpp" 
g++ -o binarytree.exe Abbr.o BST.o MainPhrase.o Phrase.o TNode.o bstmain.o 
Info: Nothing to build for binarytree
22:08:50 **** Incremental Build of configuration Debug for project binarytree ****
Info: Internal Builder is used for build
g++ -O0 -g3 -Wall -c -fmessage-length=0 -o BST.o "..\\BST.cpp" 
g++ -o binarytree.exe Abbr.o BST.o MainPhrase.o Phrase.o TNode.o bstmain.o 
22:09:38 **** Incremental Build of configuration Debug for project binarytree ****
Info: Internal Builder is used for build
g++ -O0 -g3 -Wall -c -fmessage-length=0 -o BST.o "..\\BST.cpp" 
g++ -o binarytree.exe Abbr.o BST.o MainPhrase.o Phrase.o TNode.o bstmain.o 
22:10:01 **** Incremental Build of configuration Debug for project binarytree ****
Info: Internal Builder is used for build
g++ -O0 -g3 -Wall -c -fmessage-length=0 -o BST.o "..\\BST.cpp" 
g++ -o binarytree.exe Abbr.o BST.o MainPhrase.o Phrase.o TNode.o bstmain.o 
22:11:12 **** Incremental Build of configuration Debug for project binarytree ****
Info: Internal Builder is used for build
g++ -O0 -g3 -Wall -c -fmessage-length=0 -o MainPhrase.o "..\\MainPhrase.cpp" 
..\MainPhrase.cpp: In function 'int main()':
..\MainPhrase.cpp:40:2: error: 'abbr' was not declared in this scope
  abbr->tree->clearTree();
  ^~~~
..\MainPhrase.cpp:41:9: error: type '<type error>' argument given to 'delete', expected pointer
  delete abbr;
         ^~~~
22:11:50 **** Incremental Build of configuration Debug for project binarytree ****
Info: Internal Builder is used for build
g++ -O0 -g3 -Wall -c -fmessage-length=0 -o MainPhrase.o "..\\MainPhrase.cpp" 
g++ -o binarytree.exe Abbr.o BST.o MainPhrase.o Phrase.o TNode.o bstmain.o 
22:35:55 **** Incremental Build of configuration Debug for project binarytree ****
Info: Internal Builder is used for build
g++ -O0 -g3 -Wall -c -fmessage-length=0 -o MainPhrase.o "..\\MainPhrase.cpp" 
g++ -o binarytree.exe Abbr.o BST.o MainPhrase.o Phrase.o TNode.o bstmain.o 
22:40:13 **** Incremental Build of configuration Debug for project binarytree ****
Info: Internal Builder is used for build
g++ -O0 -g3 -Wall -c -fmessage-length=0 -o MainPhrase.o "..\\MainPhrase.cpp" 
..\MainPhrase.cpp: In function 'int main()':
..\MainPhrase.cpp:27:8: error: redeclaration of 'Abbr* abbr'
  Abbr *abbr = new Abbr("Testleft.txt",2);
        ^~~~
..\MainPhrase.cpp:13:7: note: 'Abbr* abbr' previously declared here
 Abbr *abbr;
       ^~~~
22:40:41 **** Incremental Build of configuration Debug for project binarytree ****
Info: Internal Builder is used for build
g++ -O0 -g3 -Wall -c -fmessage-length=0 -o BST.o "..\\BST.cpp" 
g++ -O0 -g3 -Wall -c -fmessage-length=0 -o MainPhrase.o "..\\MainPhrase.cpp" 
..\MainPhrase.cpp: In function 'int main()':
..\MainPhrase.cpp:56:8: warning: 'abbr' is used uninitialized in this function [-Wuninitialized]
  abbr->tree->clearTree();
  ~~~~~~^~~~
g++ -o binarytree.exe Abbr.o BST.o MainPhrase.o Phrase.o TNode.o bstmain.o 
22:40:57 **** Incremental Build of configuration Debug for project binarytree ****
Info: Internal Builder is used for build
g++ -O0 -g3 -Wall -c -fmessage-length=0 -o MainPhrase.o "..\\MainPhrase.cpp" 
..\MainPhrase.cpp: In function 'int main()':
..\MainPhrase.cpp:13:7: warning: variable 'abbr' set but not used [-Wunused-but-set-variable]
 Abbr *abbr;
       ^~~~
g++ -o binarytree.exe Abbr.o BST.o MainPhrase.o Phrase.o TNode.o bstmain.o 
22:42:04 **** Incremental Build of configuration Debug for project binarytree ****
Info: Internal Builder is used for build
g++ -O0 -g3 -Wall -c -fmessage-length=0 -o MainPhrase.o "..\\MainPhrase.cpp" 
g++ -o binarytree.exe Abbr.o BST.o MainPhrase.o Phrase.o TNode.o bstmain.o 
22:53:37 **** Incremental Build of configuration Debug for project binarytree ****
Info: Internal Builder is used for build
g++ -O0 -g3 -Wall -c -fmessage-length=0 -o MainPhrase.o "..\\MainPhrase.cpp" 
g++ -O0 -g3 -Wall -c -fmessage-length=0 -o BST.o "..\\BST.cpp" 
..\BST.cpp: In member function 'TNode* BST::removeNoKids(TNode*)':
..\BST.cpp:208:21: warning: statement has no effect [-Wunused-value]
    rm->parent->right==NULL;
                     ^
..\BST.cpp:210:20: warning: statement has no effect [-Wunused-value]
    rm->parent->left==NULL;
                    ^
g++ -o binarytree.exe Abbr.o BST.o MainPhrase.o Phrase.o TNode.o bstmain.o 
22:55:50 **** Incremental Build of configuration Debug for project binarytree ****
Info: Internal Builder is used for build
g++ -O0 -g3 -Wall -c -fmessage-length=0 -o BST.o "..\\BST.cpp" 
g++ -o binarytree.exe Abbr.o BST.o MainPhrase.o Phrase.o TNode.o bstmain.o 
22:57:33 **** Incremental Build of configuration Debug for project binarytree ****
Info: Internal Builder is used for build
g++ -O0 -g3 -Wall -c -fmessage-length=0 -o BST.o "..\\BST.cpp" 
..\BST.cpp: In member function 'TNode* BST::removeNoKids(TNode*)':
..\BST.cpp:207:9: error: 'rm' was not declared in this scope
   cout<<rm<<endl;
         ^~
22:57:39 **** Incremental Build of configuration Debug for project binarytree ****
Info: Internal Builder is used for build
g++ -O0 -g3 -Wall -c -fmessage-length=0 -o BST.o "..\\BST.cpp" 
g++ -o binarytree.exe Abbr.o BST.o MainPhrase.o Phrase.o TNode.o bstmain.o 
22:58:12 **** Incremental Build of configuration Debug for project binarytree ****
Info: Internal Builder is used for build
g++ -O0 -g3 -Wall -c -fmessage-length=0 -o BST.o "..\\BST.cpp" 
g++ -o binarytree.exe Abbr.o BST.o MainPhrase.o Phrase.o TNode.o bstmain.o 
Info: Nothing to build for binarytree
23:04:03 **** Incremental Build of configuration Debug for project binarytree ****
Info: Internal Builder is used for build
g++ -O0 -g3 -Wall -c -fmessage-length=0 -o BST.o "..\\BST.cpp" 
g++ -o binarytree.exe Abbr.o BST.o MainPhrase.o Phrase.o TNode.o bstmain.o 
23:06:57 **** Incremental Build of configuration Debug for project binarytree ****
Info: Internal Builder is used for build
g++ -O0 -g3 -Wall -c -fmessage-length=0 -o BST.o "..\\BST.cpp" 
g++ -o binarytree.exe Abbr.o BST.o MainPhrase.o Phrase.o TNode.o bstmain.o 
23:07:23 **** Incremental Build of configuration Debug for project binarytree ****
Info: Internal Builder is used for build
g++ -O0 -g3 -Wall -c -fmessage-length=0 -o BST.o "..\\BST.cpp" 
g++ -o binarytree.exe Abbr.o BST.o MainPhrase.o Phrase.o TNode.o bstmain.o 
23:22:46 **** Incremental Build of configuration Debug for project binarytree ****
Info: Internal Builder is used for build
g++ -O0 -g3 -Wall -c -fmessage-length=0 -o MainPhrase.o "..\\MainPhrase.cpp" 
g++ -O0 -g3 -Wall -c -fmessage-length=0 -o BST.o "..\\BST.cpp" 
g++ -O0 -g3 -Wall -c -fmessage-length=0 -o Abbr.o "..\\Abbr.cpp" 
..\Abbr.cpp: In member function 'void Abbr::translateSentence()':
..\Abbr.cpp:256:12: warning: comparison between signed and unsigned integer expressions [-Wsign-compare]
    if (len > end) {
        ~~~~^~~~~
g++ -o binarytree.exe Abbr.o BST.o MainPhrase.o Phrase.o TNode.o bstmain.o 
Info: Nothing to build for binarytree
23:33:45 **** Incremental Build of configuration Debug for project binarytree ****
Info: Internal Builder is used for build
g++ -O0 -g3 -Wall -c -fmessage-length=0 -o BST.o "..\\BST.cpp" 
g++ -o binarytree.exe Abbr.o BST.o MainPhrase.o Phrase.o TNode.o bstmain.o 
23:34:52 **** Incremental Build of configuration Debug for project binarytree ****
Info: Internal Builder is used for build
g++ -O0 -g3 -Wall -c -fmessage-length=0 -o BST.o "..\\BST.cpp" 
g++ -o binarytree.exe Abbr.o BST.o MainPhrase.o Phrase.o TNode.o bstmain.o 
23:35:50 **** Incremental Build of configuration Debug for project binarytree ****
Info: Internal Builder is used for build
g++ -O0 -g3 -Wall -c -fmessage-length=0 -o BST.o "..\\BST.cpp" 
g++ -o binarytree.exe Abbr.o BST.o MainPhrase.o Phrase.o TNode.o bstmain.o 
23:36:15 **** Incremental Build of configuration Debug for project binarytree ****
Info: Internal Builder is used for build
g++ -O0 -g3 -Wall -c -fmessage-length=0 -o BST.o "..\\BST.cpp" 
g++ -o binarytree.exe Abbr.o BST.o MainPhrase.o Phrase.o TNode.o bstmain.o 
23:36:49 **** Incremental Build of configuration Debug for project binarytree ****
Info: Internal Builder is used for build
g++ -O0 -g3 -Wall -c -fmessage-length=0 -o BST.o "..\\BST.cpp" 
g++ -o binarytree.exe Abbr.o BST.o MainPhrase.o Phrase.o TNode.o bstmain.o 
23:49:44 **** Incremental Build of configuration Debug for project binarytree ****
Info: Internal Builder is used for build
g++ -O0 -g3 -Wall -c -fmessage-length=0 -o BST.o "..\\BST.cpp" 
g++ -o binarytree.exe Abbr.o BST.o MainPhrase.o Phrase.o TNode.o bstmain.o 
23:51:35 **** Incremental Build of configuration Debug for project binarytree ****
Info: Internal Builder is used for build
g++ -O0 -g3 -Wall -c -fmessage-length=0 -o BST.o "..\\BST.cpp" 
g++ -o binarytree.exe Abbr.o BST.o MainPhrase.o Phrase.o TNode.o bstmain.o 
23:52:45 **** Incremental Build of configuration Debug for project binarytree ****
Info: Internal Builder is used for build
g++ -O0 -g3 -Wall -c -fmessage-length=0 -o BST.o "..\\BST.cpp" 
g++ -o binarytree.exe Abbr.o BST.o MainPhrase.o Phrase.o TNode.o bstmain.o 
Info: Nothing to build for binarytree
01:10:50 **** Incremental Build of configuration Debug for project binarytree ****
Info: Internal Builder is used for build
g++ -O0 -g3 -Wall -c -fmessage-length=0 -o Abbr.o "..\\Abbr.cpp" 
..\Abbr.cpp: In member function 'void Abbr::translateSentence()':
..\Abbr.cpp:256:12: warning: comparison between signed and unsigned integer expressions [-Wsign-compare]
    if (len > end) {
        ~~~~^~~~~
g++ -O0 -g3 -Wall -c -fmessage-length=0 -o MainPhrase.o "..\\MainPhrase.cpp" 
g++ -O0 -g3 -Wall -c -fmessage-length=0 -o BST.o "..\\BST.cpp" 
g++ -o binarytree.exe Abbr.o BST.o MainPhrase.o Phrase.o TNode.o bstmain.o 
Info: Nothing to build for binarytree
01:26:12 **** Incremental Build of configuration Debug for project binarytree ****
Info: Internal Builder is used for build
g++ -O0 -g3 -Wall -c -fmessage-length=0 -o BST.o "..\\BST.cpp" 
g++ -o binarytree.exe Abbr.o BST.o MainPhrase.o Phrase.o TNode.o bstmain.o 
01:46:24 **** Incremental Build of configuration Debug for project binarytree ****
Info: Internal Builder is used for build
g++ -O0 -g3 -Wall -c -fmessage-length=0 -o BST.o "..\\BST.cpp" 
g++ -o binarytree.exe Abbr.o BST.o MainPhrase.o Phrase.o TNode.o bstmain.o 
01:48:01 **** Incremental Build of configuration Debug for project binarytree ****
Info: Internal Builder is used for build
g++ -O0 -g3 -Wall -c -fmessage-length=0 -o BST.o "..\\BST.cpp" 
g++ -o binarytree.exe Abbr.o BST.o MainPhrase.o Phrase.o TNode.o bstmain.o 
02:05:07 **** Incremental Build of configuration Debug for project binarytree ****
Info: Internal Builder is used for build
g++ -O0 -g3 -Wall -c -fmessage-length=0 -o BST.o "..\\BST.cpp" 
g++ -o binarytree.exe Abbr.o BST.o MainPhrase.o Phrase.o TNode.o bstmain.o 
02:06:43 **** Incremental Build of configuration Debug for project binarytree ****
Info: Internal Builder is used for build
g++ -O0 -g3 -Wall -c -fmessage-length=0 -o BST.o "..\\BST.cpp" 
g++ -o binarytree.exe Abbr.o BST.o MainPhrase.o Phrase.o TNode.o bstmain.o 
02:08:08 **** Incremental Build of configuration Debug for project binarytree ****
Info: Internal Builder is used for build
g++ -O0 -g3 -Wall -c -fmessage-length=0 -o BST.o "..\\BST.cpp" 
g++ -o binarytree.exe Abbr.o BST.o MainPhrase.o Phrase.o TNode.o bstmain.o 
Info: Nothing to build for binarytree
Info: Nothing to build for binarytree
Info: Nothing to build for binarytree
02:14:14 **** Incremental Build of configuration Debug for project binarytree ****
Info: Internal Builder is used for build
g++ -O0 -g3 -Wall -c -fmessage-length=0 -o BST.o "..\\BST.cpp" 
g++ -o binarytree.exe Abbr.o BST.o MainPhrase.o Phrase.o TNode.o bstmain.o 
Info: Nothing to build for binarytree
02:15:44 **** Incremental Build of configuration Debug for project binarytree ****
Info: Internal Builder is used for build
g++ -O0 -g3 -Wall -c -fmessage-length=0 -o BST.o "..\\BST.cpp" 
g++ -o binarytree.exe Abbr.o BST.o MainPhrase.o Phrase.o TNode.o bstmain.o 
Info: Nothing to build for binarytree
02:16:31 **** Incremental Build of configuration Debug for project binarytree ****
Info: Internal Builder is used for build
g++ -O0 -g3 -Wall -c -fmessage-length=0 -o BST.o "..\\BST.cpp" 
g++ -o binarytree.exe Abbr.o BST.o MainPhrase.o Phrase.o TNode.o bstmain.o 
02:16:49 **** Incremental Build of configuration Debug for project binarytree ****
Info: Internal Builder is used for build
g++ -O0 -g3 -Wall -c -fmessage-length=0 -o BST.o "..\\BST.cpp" 
g++ -o binarytree.exe Abbr.o BST.o MainPhrase.o Phrase.o TNode.o bstmain.o 
02:18:09 **** Incremental Build of configuration Debug for project binarytree ****
Info: Internal Builder is used for build
g++ -O0 -g3 -Wall -c -fmessage-length=0 -o BST.o "..\\BST.cpp" 
g++ -o binarytree.exe Abbr.o BST.o MainPhrase.o Phrase.o TNode.o bstmain.o 
02:24:16 **** Incremental Build of configuration Debug for project binarytree ****
Info: Internal Builder is used for build
g++ -O0 -g3 -Wall -c -fmessage-length=0 -o BST.o "..\\BST.cpp" 
g++ -o binarytree.exe Abbr.o BST.o MainPhrase.o Phrase.o TNode.o bstmain.o 
02:25:08 **** Incremental Build of configuration Debug for project binarytree ****
Info: Internal Builder is used for build
g++ -O0 -g3 -Wall -c -fmessage-length=0 -o BST.o "..\\BST.cpp" 
g++ -o binarytree.exe Abbr.o BST.o MainPhrase.o Phrase.o TNode.o bstmain.o 
Info: Nothing to build for binarytree
Info: Nothing to build for binarytree
02:27:00 **** Incremental Build of configuration Debug for project binarytree ****
Info: Internal Builder is used for build
g++ -O0 -g3 -Wall -c -fmessage-length=0 -o BST.o "..\\BST.cpp" 
g++ -o binarytree.exe Abbr.o BST.o MainPhrase.o Phrase.o TNode.o bstmain.o 
02:27:50 **** Incremental Build of configuration Debug for project binarytree ****
Info: Internal Builder is used for build
g++ -O0 -g3 -Wall -c -fmessage-length=0 -o BST.o "..\\BST.cpp" 
g++ -o binarytree.exe Abbr.o BST.o MainPhrase.o Phrase.o TNode.o bstmain.o 
02:28:20 **** Incremental Build of configuration Debug for project binarytree ****
Info: Internal Builder is used for build
g++ -O0 -g3 -Wall -c -fmessage-length=0 -o BST.o "..\\BST.cpp" 
g++ -o binarytree.exe Abbr.o BST.o MainPhrase.o Phrase.o TNode.o bstmain.o 
02:29:04 **** Incremental Build of configuration Debug for project binarytree ****
Info: Internal Builder is used for build
g++ -O0 -g3 -Wall -c -fmessage-length=0 -o BST.o "..\\BST.cpp" 
g++ -o binarytree.exe Abbr.o BST.o MainPhrase.o Phrase.o TNode.o bstmain.o 
02:29:28 **** Incremental Build of configuration Debug for project binarytree ****
Info: Internal Builder is used for build
g++ -O0 -g3 -Wall -c -fmessage-length=0 -o BST.o "..\\BST.cpp" 
g++ -o binarytree.exe Abbr.o BST.o MainPhrase.o Phrase.o TNode.o bstmain.o 
02:29:52 **** Incremental Build of configuration Debug for project binarytree ****
Info: Internal Builder is used for build
g++ -O0 -g3 -Wall -c -fmessage-length=0 -o BST.o "..\\BST.cpp" 
g++ -o binarytree.exe Abbr.o BST.o MainPhrase.o Phrase.o TNode.o bstmain.o 
c:/mingw/bin/../lib/gcc/mingw32/6.3.0/../../../../mingw32/bin/ld.exe: cannot open output file binarytree.exe: Permission denied
collect2.exe: error: ld returned 1 exit status
02:30:29 **** Incremental Build of configuration Debug for project binarytree ****
Info: Internal Builder is used for build
g++ -O0 -g3 -Wall -c -fmessage-length=0 -o BST.o "..\\BST.cpp" 
g++ -o binarytree.exe Abbr.o BST.o MainPhrase.o Phrase.o TNode.o bstmain.o 
02:31:31 **** Incremental Build of configuration Debug for project binarytree ****
Info: Internal Builder is used for build
g++ -O0 -g3 -Wall -c -fmessage-length=0 -o BST.o "..\\BST.cpp" 
g++ -o binarytree.exe Abbr.o BST.o MainPhrase.o Phrase.o TNode.o bstmain.o 
02:47:00 **** Incremental Build of configuration Debug for project binarytree ****
Info: Internal Builder is used for build
g++ -O0 -g3 -Wall -c -fmessage-length=0 -o BST.o "..\\BST.cpp" 
g++ -o binarytree.exe Abbr.o BST.o MainPhrase.o Phrase.o TNode.o bstmain.o 
02:47:30 **** Incremental Build of configuration Debug for project binarytree ****
Info: Internal Builder is used for build
g++ -O0 -g3 -Wall -c -fmessage-length=0 -o BST.o "..\\BST.cpp" 
g++ -o binarytree.exe Abbr.o BST.o MainPhrase.o Phrase.o TNode.o bstmain.o 
02:47:49 **** Incremental Build of configuration Debug for project binarytree ****
Info: Internal Builder is used for build
g++ -O0 -g3 -Wall -c -fmessage-length=0 -o BST.o "..\\BST.cpp" 
g++ -o binarytree.exe Abbr.o BST.o MainPhrase.o Phrase.o TNode.o bstmain.o 
02:54:42 **** Incremental Build of configuration Debug for project binarytree ****
Info: Internal Builder is used for build
g++ -O0 -g3 -Wall -c -fmessage-length=0 -o BST.o "..\\BST.cpp" 
g++ -o binarytree.exe Abbr.o BST.o MainPhrase.o Phrase.o TNode.o bstmain.o 
03:12:24 **** Incremental Build of configuration Debug for project binarytree ****
Info: Internal Builder is used for build
g++ -O0 -g3 -Wall -c -fmessage-length=0 -o MainPhrase.o "..\\MainPhrase.cpp" 
g++ -O0 -g3 -Wall -c -fmessage-length=0 -o Abbr.o "..\\Abbr.cpp" 
..\Abbr.cpp: In member function 'void Abbr::translateSentence()':
..\Abbr.cpp:256:12: warning: comparison between signed and unsigned integer expressions [-Wsign-compare]
    if (len > end) {
        ~~~~^~~~~
g++ -O0 -g3 -Wall -c -fmessage-length=0 -o BST.o "..\\BST.cpp" 
g++ -o binarytree.exe Abbr.o BST.o MainPhrase.o Phrase.o TNode.o bstmain.o 
04:56:49 **** Incremental Build of configuration Debug for project binarytree ****
Info: Internal Builder is used for build
g++ -O0 -g3 -Wall -c -fmessage-length=0 -o BST.o "..\\BST.cpp" 
g++ -o binarytree.exe Abbr.o BST.o MainPhrase.o Phrase.o TNode.o bstmain.o 
05:33:11 **** Incremental Build of configuration Debug for project binarytree ****
Info: Internal Builder is used for build
g++ -O0 -g3 -Wall -c -fmessage-length=0 -o BST.o "..\\BST.cpp" 
g++ -o binarytree.exe Abbr.o BST.o MainPhrase.o Phrase.o TNode.o bstmain.o 
05:33:59 **** Incremental Build of configuration Debug for project binarytree ****
Info: Internal Builder is used for build
g++ -O0 -g3 -Wall -c -fmessage-length=0 -o BST.o "..\\BST.cpp" 
g++ -o binarytree.exe Abbr.o BST.o MainPhrase.o Phrase.o TNode.o bstmain.o 
05:34:06 **** Incremental Build of configuration Debug for project binarytree ****
Info: Internal Builder is used for build
g++ -O0 -g3 -Wall -c -fmessage-length=0 -o BST.o "..\\BST.cpp" 
g++ -o binarytree.exe Abbr.o BST.o MainPhrase.o Phrase.o TNode.o bstmain.o 
05:35:50 **** Incremental Build of configuration Debug for project binarytree ****
Info: Internal Builder is used for build
g++ -O0 -g3 -Wall -c -fmessage-length=0 -o MainPhrase.o "..\\MainPhrase.cpp" 
g++ -o binarytree.exe Abbr.o BST.o MainPhrase.o Phrase.o TNode.o bstmain.o 
05:36:50 **** Incremental Build of configuration Debug for project binarytree ****
Info: Internal Builder is used for build
g++ -O0 -g3 -Wall -c -fmessage-length=0 -o BST.o "..\\BST.cpp" 
g++ -o binarytree.exe Abbr.o BST.o MainPhrase.o Phrase.o TNode.o bstmain.o 
